# JRE version: Java(TM) SE Runtime Environment (22.0+36) (build 22+36-2370)
# Java VM: Java HotSpot(TM) 64-Bit Server VM (22+36-2370, mixed mode, emulated-client, sharing, tiered, compressed oops, compressed class ptrs, g1 gc, windows-amd64)
GC Precious Log:
 CardTable entry size: 512
 Card Set container configuration: InlinePtr #cards 4 size 8 Array Of Cards #cards 32 size 80 Howl #buckets 8 coarsen threshold 7372 Howl Bitmap #cards 1024 size 144 coarsen threshold 921 Card regions per heap region 1 cards per card region 8192
 CPUs: 12 total, 12 available
 Memory: 20302M
 Large Page Support: Disabled
 NUMA Support: Disabled
 Compressed Oops: Enabled (Zero based)
 Heap Region Size: 4M
 Heap Min Capacity: 8M
 Heap Initial Capacity: 320M
 Heap Max Capacity: 5076M
 Pre-touch: Disabled
 Parallel Workers: 10
 Concurrent Workers: 3
 Concurrent Refinement Workers: 10
 Periodic GC: Disabled
Heap:
 garbage-first heap   total reserved 5197824K, committed 98304K, used 67708K [0x00000006c2c00000, 0x0000000800000000)
  region size 4096K, 10 young (40960K), 2 survivors (8192K)
 Metaspace       used 76627K, committed 77440K, reserved 1179648K
  class space    used 11242K, committed 11584K, reserved 1048576K
GC Heap History (20 events):
Event: 2.443 GC heap before
{Heap before GC invocations=6 (full 0):
 garbage-first heap   total reserved 5197824K, committed 61440K, used 45933K [0x00000006c2c00000, 0x0000000800000000)
  region size 4096K, 8 young (32768K), 1 survivors (4096K)
 Metaspace       used 29388K, committed 29888K, reserved 1114112K
  class space    used 4065K, committed 4288K, reserved 1048576K
}
Event: 2.449 GC heap after
{Heap after GC invocations=7 (full 0):
 garbage-first heap   total reserved 5197824K, committed 61440K, used 18975K [0x00000006c2c00000, 0x0000000800000000)
  region size 4096K, 1 young (4096K), 1 survivors (4096K)
 Metaspace       used 29388K, committed 29888K, reserved 1114112K
  class space    used 4065K, committed 4288K, reserved 1048576K
}
Event: 2.796 GC heap before
{Heap before GC invocations=7 (full 0):
 garbage-first heap   total reserved 5197824K, committed 61440K, used 39455K [0x00000006c2c00000, 0x0000000800000000)
  region size 4096K, 7 young (28672K), 1 survivors (4096K)
 Metaspace       used 32675K, committed 33216K, reserved 1114112K
  class space    used 4556K, committed 4800K, reserved 1048576K
}
Event: 2.804 GC heap after
{Heap after GC invocations=8 (full 0):
 garbage-first heap   total reserved 5197824K, committed 196608K, used 20846K [0x00000006c2c00000, 0x0000000800000000)
  region size 4096K, 1 young (4096K), 1 survivors (4096K)
 Metaspace       used 32675K, committed 33216K, reserved 1114112K
  class space    used 4556K, committed 4800K, reserved 1048576K
}
Event: 3.426 GC heap before
{Heap before GC invocations=9 (full 0):
 garbage-first heap   total reserved 5197824K, committed 81920K, used 65902K [0x00000006c2c00000, 0x0000000800000000)
  region size 4096K, 12 young (49152K), 1 survivors (4096K)
 Metaspace       used 40305K, committed 40896K, reserved 1114112K
  class space    used 5767K, committed 6016K, reserved 1048576K
}
Event: 3.428 GC heap after
{Heap after GC invocations=10 (full 0):
 garbage-first heap   total reserved 5197824K, committed 81920K, used 23134K [0x00000006c2c00000, 0x0000000800000000)
  region size 4096K, 2 young (8192K), 2 survivors (8192K)
 Metaspace       used 40305K, committed 40896K, reserved 1114112K
  class space    used 5767K, committed 6016K, reserved 1048576K
}
Event: 4.070 GC heap before
{Heap before GC invocations=10 (full 0):
 garbage-first heap   total reserved 5197824K, committed 81920K, used 59998K [0x00000006c2c00000, 0x0000000800000000)
  region size 4096K, 12 young (49152K), 2 survivors (8192K)
 Metaspace       used 48622K, committed 49280K, reserved 1114112K
  class space    used 6879K, committed 7168K, reserved 1048576K
}
Event: 4.075 GC heap after
{Heap after GC invocations=11 (full 0):
 garbage-first heap   total reserved 5197824K, committed 81920K, used 25558K [0x00000006c2c00000, 0x0000000800000000)
  region size 4096K, 2 young (8192K), 2 survivors (8192K)
 Metaspace       used 48622K, committed 49280K, reserved 1114112K
  class space    used 6879K, committed 7168K, reserved 1048576K
}
Event: 4.462 GC heap before
{Heap before GC invocations=11 (full 0):
 garbage-first heap   total reserved 5197824K, committed 81920K, used 46038K [0x00000006c2c00000, 0x0000000800000000)
  region size 4096K, 9 young (36864K), 2 survivors (8192K)
 Metaspace       used 54871K, committed 55488K, reserved 1114112K
  class space    used 7913K, committed 8192K, reserved 1048576K
}
Event: 4.467 GC heap after
{Heap after GC invocations=12 (full 0):
 garbage-first heap   total reserved 5197824K, committed 81920K, used 26789K [0x00000006c2c00000, 0x0000000800000000)
  region size 4096K, 1 young (4096K), 1 survivors (4096K)
 Metaspace       used 54871K, committed 55488K, reserved 1114112K
  class space    used 7913K, committed 8192K, reserved 1048576K
}
Event: 5.227 GC heap before
{Heap before GC invocations=13 (full 0):
 garbage-first heap   total reserved 5197824K, committed 81920K, used 67749K [0x00000006c2c00000, 0x0000000800000000)
  region size 4096K, 11 young (45056K), 1 survivors (4096K)
 Metaspace       used 59024K, committed 59776K, reserved 1114112K
  class space    used 8627K, committed 8960K, reserved 1048576K
}
Event: 5.231 GC heap after
{Heap after GC invocations=14 (full 0):
 garbage-first heap   total reserved 5197824K, committed 81920K, used 28080K [0x00000006c2c00000, 0x0000000800000000)
  region size 4096K, 2 young (8192K), 2 survivors (8192K)
 Metaspace       used 59024K, committed 59776K, reserved 1114112K
  class space    used 8627K, committed 8960K, reserved 1048576K
}
Event: 5.690 GC heap before
{Heap before GC invocations=14 (full 0):
 garbage-first heap   total reserved 5197824K, committed 81920K, used 64944K [0x00000006c2c00000, 0x0000000800000000)
  region size 4096K, 11 young (45056K), 2 survivors (8192K)
 Metaspace       used 63146K, committed 63872K, reserved 1114112K
  class space    used 9168K, committed 9472K, reserved 1048576K
}
Event: 5.695 GC heap after
{Heap after GC invocations=15 (full 0):
 garbage-first heap   total reserved 5197824K, committed 81920K, used 31209K [0x00000006c2c00000, 0x0000000800000000)
  region size 4096K, 2 young (8192K), 2 survivors (8192K)
 Metaspace       used 63146K, committed 63872K, reserved 1114112K
  class space    used 9168K, committed 9472K, reserved 1048576K
}
Event: 6.059 GC heap before
{Heap before GC invocations=15 (full 0):
 garbage-first heap   total reserved 5197824K, committed 81920K, used 63977K [0x00000006c2c00000, 0x0000000800000000)
  region size 4096K, 10 young (40960K), 2 survivors (8192K)
 Metaspace       used 65414K, committed 66112K, reserved 1114112K
  class space    used 9482K, committed 9792K, reserved 1048576K
}
Event: 6.063 GC heap after
{Heap after GC invocations=16 (full 0):
 garbage-first heap   total reserved 5197824K, committed 81920K, used 33499K [0x00000006c2c00000, 0x0000000800000000)
  region size 4096K, 2 young (8192K), 2 survivors (8192K)
 Metaspace       used 65414K, committed 66112K, reserved 1114112K
  class space    used 9482K, committed 9792K, reserved 1048576K
}
Event: 6.448 GC heap before
{Heap before GC invocations=16 (full 0):
 garbage-first heap   total reserved 5197824K, committed 81920K, used 66267K [0x00000006c2c00000, 0x0000000800000000)
  region size 4096K, 10 young (40960K), 2 survivors (8192K)
 Metaspace       used 67624K, committed 68416K, reserved 1114112K
  class space    used 9833K, committed 10176K, reserved 1048576K
}
Event: 6.453 GC heap after
{Heap after GC invocations=17 (full 0):
 garbage-first heap   total reserved 5197824K, committed 98304K, used 35886K [0x00000006c2c00000, 0x0000000800000000)
  region size 4096K, 2 young (8192K), 2 survivors (8192K)
 Metaspace       used 67624K, committed 68416K, reserved 1114112K
  class space    used 9833K, committed 10176K, reserved 1048576K
}
Event: 6.865 GC heap before
{Heap before GC invocations=17 (full 0):
 garbage-first heap   total reserved 5197824K, committed 98304K, used 76846K [0x00000006c2c00000, 0x0000000800000000)
  region size 4096K, 12 young (49152K), 2 survivors (8192K)
 Metaspace       used 71261K, committed 72128K, reserved 1114112K
  class space    used 10475K, committed 10880K, reserved 1048576K
}
Event: 6.870 GC heap after
{Heap after GC invocations=18 (full 0):
 garbage-first heap   total reserved 5197824K, committed 98304K, used 39036K [0x00000006c2c00000, 0x0000000800000000)
  region size 4096K, 2 young (8192K), 2 survivors (8192K)
 Metaspace       used 71261K, committed 72128K, reserved 1114112K
  class space    used 10475K, committed 10880K, reserved 1048576K
}

